


ARM Macro Assembler    Page 1 


    1 00000000         ;/******************************************************
                       ********************//**
    2 00000000         ; * @file     startup_ARMCM3.s
    3 00000000         ; * @brief    CMSIS Core Device Startup File for
    4 00000000         ; *           ARMCM3 Device Series
    5 00000000         ; * @version  V1.08
    6 00000000         ; * @date     03. February 2012
    7 00000000         ; *
    8 00000000         ; * @note
    9 00000000         ; * Copyright (C) 2012 ARM Limited. All rights reserved.
                       
   10 00000000         ; *
   11 00000000         ; * @par
   12 00000000         ; * ARM Limited (ARM) is supplying this software for use
                        with Cortex-M
   13 00000000         ; * processor based microcontrollers.  This file can be 
                       freely distributed
   14 00000000         ; * within development tools that are supporting such AR
                       M based processors.
   15 00000000         ; *
   16 00000000         ; * @par
   17 00000000         ; * THIS SOFTWARE IS PROVIDED "AS IS".  NO WARRANTIES, W
                       HETHER EXPRESS, IMPLIED
   18 00000000         ; * OR STATUTORY, INCLUDING, BUT NOT LIMITED TO, IMPLIED
                        WARRANTIES OF
   19 00000000         ; * MERCHANTABILITY AND FITNESS FOR A PARTICULAR PURPOSE
                        APPLY TO THIS SOFTWARE.
   20 00000000         ; * ARM SHALL NOT, IN ANY CIRCUMSTANCES, BE LIABLE FOR S
                       PECIAL, INCIDENTAL, OR
   21 00000000         ; * CONSEQUENTIAL DAMAGES, FOR ANY REASON WHATSOEVER.
   22 00000000         ; *
   23 00000000         ; ******************************************************
                       ************************/
   24 00000000         ;/*
   25 00000000         ;//-------- <<< Use Configuration Wizard in Context Menu
                        >>> ------------------
   26 00000000         ;*/
   27 00000000         
   28 00000000 00000000 
                       VER_MAJOR
                               EQU              0
   29 00000000 00000001 
                       VER_MINOR
                               EQU              1
   30 00000000 00000000 
                       VER_PATCH
                               EQU              0
   31 00000000         
   32 00000000         ; <h> Stack Configuration
   33 00000000         ;   <o> Stack Size (in Bytes) <0x0-0xFFFFFFFF:8>
   34 00000000         ; </h>
   35 00000000         
   36 00000000 00000400 
                       Stack_Size
                               EQU              0x00000400
   37 00000000         
   38 00000000                 AREA             STACK, NOINIT, READWRITE, ALIGN
=3
   39 00000000         Stack_Mem



ARM Macro Assembler    Page 2 


                               SPACE            Stack_Size
   40 00000400         __initial_sp
   41 00000400         
   42 00000400         
   43 00000400         ; <h> Heap Configuration
   44 00000400         ;   <o>  Heap Size (in Bytes) <0x0-0xFFFFFFFF:8>
   45 00000400         ; </h>
   46 00000400         
   47 00000400 00000100 
                       Heap_Size
                               EQU              0x00000100
   48 00000400         
   49 00000400                 AREA             HEAP, NOINIT, READWRITE, ALIGN=
3
   50 00000000         __heap_base
   51 00000000         Heap_Mem
                               SPACE            Heap_Size
   52 00000100         __heap_limit
   53 00000100         
   54 00000100         
   55 00000100                 PRESERVE8
   56 00000100                 THUMB
   57 00000100         
   58 00000100         
   59 00000100         ; Vector Table Mapped to Address 0 at Reset
   60 00000100         
   61 00000100                 AREA             RESET, DATA, READONLY
   62 00000000                 EXPORT           __Vectors
   63 00000000         
   64 00000000 00000000 
                       __Vectors
                               DCD              __initial_sp ; Top of Stack
   65 00000004 00000000        DCD              Reset_Handler ; Reset Handler
   66 00000008 00000000        DCD              NMI_Handler ; NMI Handler
   67 0000000C 00000000        DCD              HardFault_Handler ; Hard Fault 
                                                            Handler
   68 00000010 00000000        DCD              MemManage_Handler 
                                                            ; MPU Fault Handler
                                                            
   69 00000014 00000000        DCD              BusFault_Handler 
                                                            ; Bus Fault Handler
                                                            
   70 00000018 00000000        DCD              UsageFault_Handler ; Usage Faul
                                                            t Handler
   71 0000001C 00000000        DCD              0           ; Reserved
   72 00000020 00000000        DCD              0           ; Reserved
   73 00000024 00000000        DCD              0           ; Reserved
   74 00000028 00000000        DCD              0           ; Reserved
   75 0000002C 00000000        DCD              SVC_Handler ; SVCall Handler
   76 00000030 00000000        DCD              DebugMon_Handler ; Debug Monito
                                                            r Handler
   77 00000034 00000000        DCD              0           ; Reserved
   78 00000038 00000000        DCD              PendSV_Handler ; PendSV Handler
                                                            
   79 0000003C 00000000        DCD              SysTick_Handler 
                                                            ; SysTick Handler
   80 00000040         
   81 00000040         ; External Interrupts
   82 00000040                 EXPORT           CacheI_IRQHandler    [WEAK] 



ARM Macro Assembler    Page 3 


                                                            ; n00_IRQn
   83 00000040                 EXPORT           KeyScan_IRQHandler   [WEAK] 
                                                            ; n01_IRQn
   84 00000040                 EXPORT           GPIO1_IRQHandler     [WEAK] 
                                                            ; n02_IRQn
   85 00000040                 EXPORT           GPIO0_IRQHandler     [WEAK] 
                                                            ; n03_IRQn
   86 00000040                 EXPORT           TIMER0_IRQHandler    [WEAK] 
                                                            ; n04_IRQn
   87 00000040                 EXPORT           WDT_IRQHandler       [WEAK] 
                                                            ; n05_IRQn
   88 00000040                 EXPORT           LLEERR_IRQHandler    [WEAK] 
                                                            ; n06_IRQn
   89 00000040                 EXPORT           LLEFUN_IRQHandler    [WEAK] 
                                                            ; n07_IRQn
   90 00000040                 EXPORT           SPIFlash_IRQHandler  [WEAK] 
                                                            ; n08_IRQn
   91 00000040                 EXPORT           APBSPI_IRQHandler    [WEAK] 
                                                            ; n09_IRQn
   92 00000040                 EXPORT           QSPI_IRQHandler      [WEAK] 
                                                            ; n10_IRQn
   93 00000040                 EXPORT           SADC_IRQHandler      [WEAK] 
                                                            ; n11_IRQn
   94 00000040                 EXPORT           UART1_IRQHandler     [WEAK] 
                                                            ; n12_IRQn
   95 00000040                 EXPORT           UART0_IRQHandler     [WEAK] 
                                                            ; n13_IRQn
   96 00000040                 EXPORT           I2C0_IRQHandler      [WEAK] 
                                                            ; n14_IRQn
   97 00000040                 EXPORT           DMA_IRQHandler       [WEAK] 
                                                            ; n15_IRQn
   98 00000040                 EXPORT           TRNG_IRQHandler      [WEAK] 
                                                            ; n16_IRQn
   99 00000040                 EXPORT           QDEC2_IRQHandler     [WEAK] 
                                                            ; n17_IRQn
  100 00000040                 EXPORT           QDEC1_IRQHandler     [WEAK] 
                                                            ; n18_IRQn
  101 00000040                 EXPORT           QDEC0_IRQHandler     [WEAK] 
                                                            ; n19_IRQn
  102 00000040                 EXPORT           USB_IRQHandler       [WEAK] 
                                                            ; n20_IRQn
  103 00000040                 EXPORT           XOREADY_IRQHandler   [WEAK] 
                                                            ; n21_IRQn
  104 00000040                 EXPORT           POW_CS_IRQHandler    [WEAK] 
                                                            ; n22_IRQn
  105 00000040                 EXPORT           ACTCNT32K_IRQHandler [WEAK] 
                                                            ; n23_IRQn
  106 00000040                 EXPORT           PWM0_IRQHandler      [WEAK] 
                                                            ; n24_IRQn
  107 00000040                 EXPORT           PWM1_IRQHandler      [WEAK] 
                                                            ; n25_IRQn
  108 00000040                 EXPORT           RCMFDTRIM_IRQHandler [WEAK] 
                                                            ; n26_IRQn
  109 00000040                 EXPORT           PMUPVD_IRQHandler    [WEAK] 
                                                            ; n27_IRQn
  110 00000040                 EXPORT           PMUPDR_IRQHandler    [WEAK] 
                                                            ; n28_IRQn
  111 00000040                 EXPORT           PWM2_IRQHandler      [WEAK] 
                                                            ; n29_IRQn



ARM Macro Assembler    Page 4 


  112 00000040                 EXPORT           LLEAES_IRQHandler    [WEAK] 
                                                            ; n30_IRQn
  113 00000040                 EXPORT           TIMER1_IRQHandler    [WEAK] 
                                                            ; n31_IQRn
  114 00000040                 EXPORT           I2S_IRQHandler       [WEAK] 
                                                            ; n32_IQRn
  115 00000040                 EXPORT           TBCU_IRQHandler      [WEAK] 
                                                            ; n33_IRQn     
  116 00000040                 EXPORT           AudioEnc_IRQHandler  [WEAK] 
                                                            ; n34_IRQn
  117 00000040         
  118 00000040 00000000        DCD              CacheI_IRQHandler
  119 00000044 00000000        DCD              KeyScan_IRQHandler
  120 00000048 00000000        DCD              GPIO1_IRQHandler
  121 0000004C 00000000        DCD              GPIO0_IRQHandler
  122 00000050 00000000        DCD              TIMER0_IRQHandler
  123 00000054 00000000        DCD              WDT_IRQHandler
  124 00000058 00000000        DCD              LLEERR_IRQHandler
  125 0000005C 00000000        DCD              LLEFUN_IRQHandler
  126 00000060 00000000        DCD              SPIFlash_IRQHandler
  127 00000064 00000000        DCD              APBSPI_IRQHandler
  128 00000068 00000000        DCD              QSPI_IRQHandler
  129 0000006C 00000000        DCD              SADC_IRQHandler
  130 00000070 00000000        DCD              UART1_IRQHandler
  131 00000074 00000000        DCD              UART0_IRQHandler
  132 00000078 00000000        DCD              I2C0_IRQHandler
  133 0000007C 00000000        DCD              DMA_IRQHandler
  134 00000080 00000000        DCD              TRNG_IRQHandler
  135 00000084 00000000        DCD              QDEC2_IRQHandler
  136 00000088 00000000        DCD              QDEC1_IRQHandler
  137 0000008C 00000000        DCD              QDEC0_IRQHandler
  138 00000090 00000000        DCD              USB_IRQHandler
  139 00000094 00000000        DCD              XOREADY_IRQHandler
  140 00000098 00000000        DCD              POW_CS_IRQHandler
  141 0000009C 00000000        DCD              ACTCNT32K_IRQHandler
  142 000000A0 00000000        DCD              PWM0_IRQHandler
  143 000000A4 00000000        DCD              PWM1_IRQHandler
  144 000000A8 00000000        DCD              RCMFDTRIM_IRQHandler
  145 000000AC 00000000        DCD              PMUPVD_IRQHandler
  146 000000B0 00000000        DCD              PMUPDR_IRQHandler
  147 000000B4 00000000        DCD              PWM2_IRQHandler
  148 000000B8 00000000        DCD              LLEFUN_IRQHandler
  149 000000BC 00000000        DCD              TIMER1_IRQHandler
  150 000000C0 00000000        DCD              I2S_IRQHandler
  151 000000C4 00000000        DCD              TBCU_IRQHandler
  152 000000C8 00000000        DCD              AudioEnc_IRQHandler
  153 000000CC         
  154 000000CC         __Vectors_End
  155 000000CC         
  156 000000CC 000000CC 
                       __Vectors_Size
                               EQU              __Vectors_End - __Vectors
  157 000000CC         
  158 000000CC 00010000 
                       __PLATFORM_VER
                               DCD              (VER_MAJOR << 0) + (VER_MINOR <
< 16) + (VER_PATCH << 24) 
                                                            ; Version
  159 000000D0 0002A000 



ARM Macro Assembler    Page 5 


                       __APP_LOAD_ADD
                               DCD              0x2a000
  160 000000D4         
  161 000000D4                 AREA             |.text|, CODE, READONLY
  162 00000000         
  163 00000000         
  164 00000000         
  165 00000000         ; Reset Handler
  166 00000000         
  167 00000000         Reset_Handler
                               PROC
  168 00000000                 EXPORT           Reset_Handler             [WEAK
]
  169 00000000                 IMPORT           __main
  170 00000000         ;IMPORT  chip_init
  171 00000000         
  172 00000000                 IF               :DEF:LLE_ENABLE
  181                          ENDIF
  182 00000000         
  183 00000000         
  184 00000000                 IF               :DEF:POWER_SAVING
  199                          ENDIF
  200 00000000         
  201 00000000         
  202 00000000 4805    START_LOAD
                               LDR              R0, =__main
  203 00000002 4700            BX               R0
  204 00000004                 ENDP
  205 00000004         
  206 00000004         
  207 00000004         
  208 00000004         ; Dummy Exception Handlers (infinite loops which can be 
                       modified)
  209 00000004         
  210 00000004         NMI_Handler
                               PROC
  211 00000004                 EXPORT           NMI_Handler               [WEAK
]
  212 00000004 E7FE            B                .
  213 00000006                 ENDP
  215 00000006         HardFault_Handler
                               PROC
  216 00000006                 EXPORT           HardFault_Handler         [WEAK
]
  217 00000006 E7FE            B                .
  218 00000008                 ENDP
  220 00000008         MemManage_Handler
                               PROC
  221 00000008                 EXPORT           MemManage_Handler         [WEAK
]
  222 00000008 E7FE            B                .
  223 0000000A                 ENDP
  225 0000000A         BusFault_Handler
                               PROC
  226 0000000A                 EXPORT           BusFault_Handler          [WEAK
]
  227 0000000A E7FE            B                .
  228 0000000C                 ENDP
  230 0000000C         UsageFault_Handler



ARM Macro Assembler    Page 6 


                               PROC
  231 0000000C                 EXPORT           UsageFault_Handler        [WEAK
]
  232 0000000C E7FE            B                .
  233 0000000E                 ENDP
  234 0000000E         SVC_Handler
                               PROC
  235 0000000E                 EXPORT           SVC_Handler               [WEAK
]
  236 0000000E E7FE            B                .
  237 00000010                 ENDP
  239 00000010         DebugMon_Handler
                               PROC
  240 00000010                 EXPORT           DebugMon_Handler          [WEAK
]
  241 00000010 E7FE            B                .
  242 00000012                 ENDP
  243 00000012         PendSV_Handler
                               PROC
  244 00000012                 EXPORT           PendSV_Handler            [WEAK
]
  245 00000012 E7FE            B                .
  246 00000014                 ENDP
  247 00000014         SysTick_Handler
                               PROC
  248 00000014                 EXPORT           SysTick_Handler           [WEAK
]
  249 00000014 E7FE            B                .
  250 00000016                 ENDP
  251 00000016         
  252 00000016         
  253 00000016         
  254 00000016         Default_Handler
                               PROC
  255 00000016                 EXPORT           CacheI_IRQHandler    [WEAK] 
                                                            ; n00_IRQn
  256 00000016                 EXPORT           KeyScan_IRQHandler   [WEAK] 
                                                            ; n01_IRQn
  257 00000016                 EXPORT           GPIO1_IRQHandler     [WEAK] 
                                                            ; n02_IRQn
  258 00000016                 EXPORT           GPIO0_IRQHandler     [WEAK] 
                                                            ; n03_IRQn
  259 00000016                 EXPORT           TIMER0_IRQHandler    [WEAK] 
                                                            ; n04_IRQn
  260 00000016                 EXPORT           WDT_IRQHandler       [WEAK] 
                                                            ; n05_IRQn
  261 00000016                 EXPORT           LLEERR_IRQHandler    [WEAK] 
                                                            ; n06_IRQn
  262 00000016                 EXPORT           LLEFUN_IRQHandler    [WEAK] 
                                                            ; n07_IRQn
  263 00000016                 EXPORT           SPIFlash_IRQHandler  [WEAK] 
                                                            ; n08_IRQn
  264 00000016                 EXPORT           APBSPI_IRQHandler    [WEAK] 
                                                            ; n09_IRQn
  265 00000016                 EXPORT           QSPI_IRQHandler      [WEAK] 
                                                            ; n10_IRQn
  266 00000016                 EXPORT           SADC_IRQHandler      [WEAK] 
                                                            ; n11_IRQn
  267 00000016                 EXPORT           UART1_IRQHandler     [WEAK] 



ARM Macro Assembler    Page 7 


                                                            ; n12_IRQn
  268 00000016                 EXPORT           UART0_IRQHandler     [WEAK] 
                                                            ; n13_IRQn
  269 00000016                 EXPORT           I2C0_IRQHandler      [WEAK] 
                                                            ; n14_IRQn
  270 00000016                 EXPORT           DMA_IRQHandler       [WEAK] 
                                                            ; n15_IRQn
  271 00000016                 EXPORT           TRNG_IRQHandler      [WEAK] 
                                                            ; n16_IRQn
  272 00000016                 EXPORT           QDEC2_IRQHandler     [WEAK] 
                                                            ; n17_IRQn
  273 00000016                 EXPORT           QDEC1_IRQHandler     [WEAK] 
                                                            ; n18_IRQn
  274 00000016                 EXPORT           QDEC0_IRQHandler     [WEAK] 
                                                            ; n19_IRQn
  275 00000016                 EXPORT           USB_IRQHandler       [WEAK] 
                                                            ; n20_IRQn
  276 00000016                 EXPORT           XOREADY_IRQHandler   [WEAK] 
                                                            ; n21_IRQn
  277 00000016                 EXPORT           POW_CS_IRQHandler    [WEAK] 
                                                            ; n22_IRQn
  278 00000016                 EXPORT           ACTCNT32K_IRQHandler [WEAK] 
                                                            ; n23_IRQn
  279 00000016                 EXPORT           PWM0_IRQHandler      [WEAK] 
                                                            ; n24_IRQn
  280 00000016                 EXPORT           PWM1_IRQHandler      [WEAK] 
                                                            ; n25_IRQn
  281 00000016                 EXPORT           RCMFDTRIM_IRQHandler [WEAK] 
                                                            ; n26_IRQn
  282 00000016                 EXPORT           PMUPVD_IRQHandler    [WEAK] 
                                                            ; n27_IRQn
  283 00000016                 EXPORT           PMUPDR_IRQHandler    [WEAK] 
                                                            ; n28_IRQn
  284 00000016                 EXPORT           PWM2_IRQHandler      [WEAK] 
                                                            ; n29_IRQn
  285 00000016                 EXPORT           LLEAES_IRQHandler    [WEAK] 
                                                            ; n30_IRQn
  286 00000016                 EXPORT           TIMER1_IRQHandler    [WEAK] 
                                                            ; n31_IQRn
  287 00000016                 EXPORT           I2S_IRQHandler       [WEAK] 
                                                            ; n32_IQRn
  288 00000016                 EXPORT           TBCU_IRQHandler      [WEAK] 
                                                            ; n33_IRQn  
  289 00000016                 EXPORT           AudioEnc_IRQHandler  [WEAK] 
                                                            ; n34_IRQn
  290 00000016         
  291 00000016         CacheI_IRQHandler
  292 00000016         KeyScan_IRQHandler
  293 00000016         GPIO1_IRQHandler
  294 00000016         GPIO0_IRQHandler
  295 00000016         TIMER0_IRQHandler
  296 00000016         WDT_IRQHandler
  297 00000016         LLEERR_IRQHandler
  298 00000016         LLEFUN_IRQHandler
  299 00000016         SPIFlash_IRQHandler
  300 00000016         APBSPI_IRQHandler
  301 00000016         QSPI_IRQHandler
  302 00000016         SADC_IRQHandler
  303 00000016         UART1_IRQHandler



ARM Macro Assembler    Page 8 


  304 00000016         UART0_IRQHandler
  305 00000016         I2C0_IRQHandler
  306 00000016         DMA_IRQHandler
  307 00000016         TRNG_IRQHandler
  308 00000016         QDEC2_IRQHandler
  309 00000016         QDEC1_IRQHandler
  310 00000016         QDEC0_IRQHandler
  311 00000016         USB_IRQHandler
  312 00000016         XOREADY_IRQHandler
  313 00000016         POW_CS_IRQHandler
  314 00000016         ACTCNT32K_IRQHandler
  315 00000016         PWM0_IRQHandler
  316 00000016         PWM1_IRQHandler
  317 00000016         RCMFDTRIM_IRQHandler
  318 00000016         PMUPVD_IRQHandler
  319 00000016         PMUPDR_IRQHandler
  320 00000016         PWM2_IRQHandler
  321 00000016         LLEAES_IRQHandler
  322 00000016         TIMER1_IRQHandler
  323 00000016         I2S_IRQHandler
  324 00000016         TBCU_IRQHandler
  325 00000016         AudioEnc_IRQHandler
  326 00000016         
  327 00000016 E7FE            B                .
  328 00000018                 ENDP
  329 00000018         
  330 00000018         
  331 00000018                 ALIGN
  332 00000018         
  333 00000018         
  334 00000018         ; User Initial Stack & Heap
  335 00000018         
  336 00000018                 IF               :DEF:__MICROLIB
  337 00000018         
  338 00000018                 EXPORT           __initial_sp
  339 00000018                 EXPORT           __heap_base
  340 00000018                 EXPORT           __heap_limit
  341 00000018         
  342 00000018                 ELSE
  357                          ENDIF
  358 00000018         
  359 00000018         
  360 00000018                 END
              00000000 
Command Line: --debug --xref --diag_suppress=9931 --cpu=Cortex-M3 --apcs=interw
ork --depend=.\output\startup_ing920.d -o.\output\startup_ing920.o -I.\RTE\_ing
920 -IC:\Keil_v5\Packs\ARM\CMSIS\5.9.0\CMSIS\Core\Include --predefine="__MICROL
IB SETA 1" --predefine="__UVISION_VERSION SETA 537" --predefine="_RTE_ SETA 1" 
--predefine="_RTE_ SETA 1" --list=.\listing\startup_ing920.lst src\startup_ing9
20.s



ARM Macro Assembler    Page 1 Alphabetic symbol ordering
Relocatable symbols

STACK 00000000

Symbol: STACK
   Definitions
      At line 38 in file src\startup_ing920.s
   Uses
      None
Comment: STACK unused
Stack_Mem 00000000

Symbol: Stack_Mem
   Definitions
      At line 39 in file src\startup_ing920.s
   Uses
      None
Comment: Stack_Mem unused
__initial_sp 00000400

Symbol: __initial_sp
   Definitions
      At line 40 in file src\startup_ing920.s
   Uses
      At line 64 in file src\startup_ing920.s
      At line 338 in file src\startup_ing920.s

3 symbols



ARM Macro Assembler    Page 1 Alphabetic symbol ordering
Relocatable symbols

HEAP 00000000

Symbol: HEAP
   Definitions
      At line 49 in file src\startup_ing920.s
   Uses
      None
Comment: HEAP unused
Heap_Mem 00000000

Symbol: Heap_Mem
   Definitions
      At line 51 in file src\startup_ing920.s
   Uses
      None
Comment: Heap_Mem unused
__heap_base 00000000

Symbol: __heap_base
   Definitions
      At line 50 in file src\startup_ing920.s
   Uses
      At line 339 in file src\startup_ing920.s
Comment: __heap_base used once
__heap_limit 00000100

Symbol: __heap_limit
   Definitions
      At line 52 in file src\startup_ing920.s
   Uses
      At line 340 in file src\startup_ing920.s
Comment: __heap_limit used once
4 symbols



ARM Macro Assembler    Page 1 Alphabetic symbol ordering
Relocatable symbols

RESET 00000000

Symbol: RESET
   Definitions
      At line 61 in file src\startup_ing920.s
   Uses
      None
Comment: RESET unused
__APP_LOAD_ADD 000000D0

Symbol: __APP_LOAD_ADD
   Definitions
      At line 159 in file src\startup_ing920.s
   Uses
      None
Comment: __APP_LOAD_ADD unused
__PLATFORM_VER 000000CC

Symbol: __PLATFORM_VER
   Definitions
      At line 158 in file src\startup_ing920.s
   Uses
      None
Comment: __PLATFORM_VER unused
__Vectors 00000000

Symbol: __Vectors
   Definitions
      At line 64 in file src\startup_ing920.s
   Uses
      At line 62 in file src\startup_ing920.s
      At line 156 in file src\startup_ing920.s

__Vectors_End 000000CC

Symbol: __Vectors_End
   Definitions
      At line 154 in file src\startup_ing920.s
   Uses
      At line 156 in file src\startup_ing920.s
Comment: __Vectors_End used once
5 symbols



ARM Macro Assembler    Page 1 Alphabetic symbol ordering
Relocatable symbols

.text 00000000

Symbol: .text
   Definitions
      At line 161 in file src\startup_ing920.s
   Uses
      None
Comment: .text unused
ACTCNT32K_IRQHandler 00000016

Symbol: ACTCNT32K_IRQHandler
   Definitions
      At line 314 in file src\startup_ing920.s
   Uses
      At line 105 in file src\startup_ing920.s
      At line 141 in file src\startup_ing920.s
      At line 278 in file src\startup_ing920.s

APBSPI_IRQHandler 00000016

Symbol: APBSPI_IRQHandler
   Definitions
      At line 300 in file src\startup_ing920.s
   Uses
      At line 91 in file src\startup_ing920.s
      At line 127 in file src\startup_ing920.s
      At line 264 in file src\startup_ing920.s

AudioEnc_IRQHandler 00000016

Symbol: AudioEnc_IRQHandler
   Definitions
      At line 325 in file src\startup_ing920.s
   Uses
      At line 116 in file src\startup_ing920.s
      At line 152 in file src\startup_ing920.s
      At line 289 in file src\startup_ing920.s

BusFault_Handler 0000000A

Symbol: BusFault_Handler
   Definitions
      At line 225 in file src\startup_ing920.s
   Uses
      At line 69 in file src\startup_ing920.s
      At line 226 in file src\startup_ing920.s

CacheI_IRQHandler 00000016

Symbol: CacheI_IRQHandler
   Definitions
      At line 291 in file src\startup_ing920.s
   Uses
      At line 82 in file src\startup_ing920.s
      At line 118 in file src\startup_ing920.s
      At line 255 in file src\startup_ing920.s

DMA_IRQHandler 00000016




ARM Macro Assembler    Page 2 Alphabetic symbol ordering
Relocatable symbols

Symbol: DMA_IRQHandler
   Definitions
      At line 306 in file src\startup_ing920.s
   Uses
      At line 97 in file src\startup_ing920.s
      At line 133 in file src\startup_ing920.s
      At line 270 in file src\startup_ing920.s

DebugMon_Handler 00000010

Symbol: DebugMon_Handler
   Definitions
      At line 239 in file src\startup_ing920.s
   Uses
      At line 76 in file src\startup_ing920.s
      At line 240 in file src\startup_ing920.s

Default_Handler 00000016

Symbol: Default_Handler
   Definitions
      At line 254 in file src\startup_ing920.s
   Uses
      None
Comment: Default_Handler unused
GPIO0_IRQHandler 00000016

Symbol: GPIO0_IRQHandler
   Definitions
      At line 294 in file src\startup_ing920.s
   Uses
      At line 85 in file src\startup_ing920.s
      At line 121 in file src\startup_ing920.s
      At line 258 in file src\startup_ing920.s

GPIO1_IRQHandler 00000016

Symbol: GPIO1_IRQHandler
   Definitions
      At line 293 in file src\startup_ing920.s
   Uses
      At line 84 in file src\startup_ing920.s
      At line 120 in file src\startup_ing920.s
      At line 257 in file src\startup_ing920.s

HardFault_Handler 00000006

Symbol: HardFault_Handler
   Definitions
      At line 215 in file src\startup_ing920.s
   Uses
      At line 67 in file src\startup_ing920.s
      At line 216 in file src\startup_ing920.s

I2C0_IRQHandler 00000016

Symbol: I2C0_IRQHandler
   Definitions
      At line 305 in file src\startup_ing920.s



ARM Macro Assembler    Page 3 Alphabetic symbol ordering
Relocatable symbols

   Uses
      At line 96 in file src\startup_ing920.s
      At line 132 in file src\startup_ing920.s
      At line 269 in file src\startup_ing920.s

I2S_IRQHandler 00000016

Symbol: I2S_IRQHandler
   Definitions
      At line 323 in file src\startup_ing920.s
   Uses
      At line 114 in file src\startup_ing920.s
      At line 150 in file src\startup_ing920.s
      At line 287 in file src\startup_ing920.s

KeyScan_IRQHandler 00000016

Symbol: KeyScan_IRQHandler
   Definitions
      At line 292 in file src\startup_ing920.s
   Uses
      At line 83 in file src\startup_ing920.s
      At line 119 in file src\startup_ing920.s
      At line 256 in file src\startup_ing920.s

LLEAES_IRQHandler 00000016

Symbol: LLEAES_IRQHandler
   Definitions
      At line 321 in file src\startup_ing920.s
   Uses
      At line 112 in file src\startup_ing920.s
      At line 285 in file src\startup_ing920.s

LLEERR_IRQHandler 00000016

Symbol: LLEERR_IRQHandler
   Definitions
      At line 297 in file src\startup_ing920.s
   Uses
      At line 88 in file src\startup_ing920.s
      At line 124 in file src\startup_ing920.s
      At line 261 in file src\startup_ing920.s

LLEFUN_IRQHandler 00000016

Symbol: LLEFUN_IRQHandler
   Definitions
      At line 298 in file src\startup_ing920.s
   Uses
      At line 89 in file src\startup_ing920.s
      At line 125 in file src\startup_ing920.s
      At line 148 in file src\startup_ing920.s
      At line 262 in file src\startup_ing920.s

MemManage_Handler 00000008

Symbol: MemManage_Handler
   Definitions



ARM Macro Assembler    Page 4 Alphabetic symbol ordering
Relocatable symbols

      At line 220 in file src\startup_ing920.s
   Uses
      At line 68 in file src\startup_ing920.s
      At line 221 in file src\startup_ing920.s

NMI_Handler 00000004

Symbol: NMI_Handler
   Definitions
      At line 210 in file src\startup_ing920.s
   Uses
      At line 66 in file src\startup_ing920.s
      At line 211 in file src\startup_ing920.s

PMUPDR_IRQHandler 00000016

Symbol: PMUPDR_IRQHandler
   Definitions
      At line 319 in file src\startup_ing920.s
   Uses
      At line 110 in file src\startup_ing920.s
      At line 146 in file src\startup_ing920.s
      At line 283 in file src\startup_ing920.s

PMUPVD_IRQHandler 00000016

Symbol: PMUPVD_IRQHandler
   Definitions
      At line 318 in file src\startup_ing920.s
   Uses
      At line 109 in file src\startup_ing920.s
      At line 145 in file src\startup_ing920.s
      At line 282 in file src\startup_ing920.s

POW_CS_IRQHandler 00000016

Symbol: POW_CS_IRQHandler
   Definitions
      At line 313 in file src\startup_ing920.s
   Uses
      At line 104 in file src\startup_ing920.s
      At line 140 in file src\startup_ing920.s
      At line 277 in file src\startup_ing920.s

PWM0_IRQHandler 00000016

Symbol: PWM0_IRQHandler
   Definitions
      At line 315 in file src\startup_ing920.s
   Uses
      At line 106 in file src\startup_ing920.s
      At line 142 in file src\startup_ing920.s
      At line 279 in file src\startup_ing920.s

PWM1_IRQHandler 00000016

Symbol: PWM1_IRQHandler
   Definitions
      At line 316 in file src\startup_ing920.s



ARM Macro Assembler    Page 5 Alphabetic symbol ordering
Relocatable symbols

   Uses
      At line 107 in file src\startup_ing920.s
      At line 143 in file src\startup_ing920.s
      At line 280 in file src\startup_ing920.s

PWM2_IRQHandler 00000016

Symbol: PWM2_IRQHandler
   Definitions
      At line 320 in file src\startup_ing920.s
   Uses
      At line 111 in file src\startup_ing920.s
      At line 147 in file src\startup_ing920.s
      At line 284 in file src\startup_ing920.s

PendSV_Handler 00000012

Symbol: PendSV_Handler
   Definitions
      At line 243 in file src\startup_ing920.s
   Uses
      At line 78 in file src\startup_ing920.s
      At line 244 in file src\startup_ing920.s

QDEC0_IRQHandler 00000016

Symbol: QDEC0_IRQHandler
   Definitions
      At line 310 in file src\startup_ing920.s
   Uses
      At line 101 in file src\startup_ing920.s
      At line 137 in file src\startup_ing920.s
      At line 274 in file src\startup_ing920.s

QDEC1_IRQHandler 00000016

Symbol: QDEC1_IRQHandler
   Definitions
      At line 309 in file src\startup_ing920.s
   Uses
      At line 100 in file src\startup_ing920.s
      At line 136 in file src\startup_ing920.s
      At line 273 in file src\startup_ing920.s

QDEC2_IRQHandler 00000016

Symbol: QDEC2_IRQHandler
   Definitions
      At line 308 in file src\startup_ing920.s
   Uses
      At line 99 in file src\startup_ing920.s
      At line 135 in file src\startup_ing920.s
      At line 272 in file src\startup_ing920.s

QSPI_IRQHandler 00000016

Symbol: QSPI_IRQHandler
   Definitions
      At line 301 in file src\startup_ing920.s



ARM Macro Assembler    Page 6 Alphabetic symbol ordering
Relocatable symbols

   Uses
      At line 92 in file src\startup_ing920.s
      At line 128 in file src\startup_ing920.s
      At line 265 in file src\startup_ing920.s

RCMFDTRIM_IRQHandler 00000016

Symbol: RCMFDTRIM_IRQHandler
   Definitions
      At line 317 in file src\startup_ing920.s
   Uses
      At line 108 in file src\startup_ing920.s
      At line 144 in file src\startup_ing920.s
      At line 281 in file src\startup_ing920.s

Reset_Handler 00000000

Symbol: Reset_Handler
   Definitions
      At line 167 in file src\startup_ing920.s
   Uses
      At line 65 in file src\startup_ing920.s
      At line 168 in file src\startup_ing920.s

SADC_IRQHandler 00000016

Symbol: SADC_IRQHandler
   Definitions
      At line 302 in file src\startup_ing920.s
   Uses
      At line 93 in file src\startup_ing920.s
      At line 129 in file src\startup_ing920.s
      At line 266 in file src\startup_ing920.s

SPIFlash_IRQHandler 00000016

Symbol: SPIFlash_IRQHandler
   Definitions
      At line 299 in file src\startup_ing920.s
   Uses
      At line 90 in file src\startup_ing920.s
      At line 126 in file src\startup_ing920.s
      At line 263 in file src\startup_ing920.s

START_LOAD 00000000

Symbol: START_LOAD
   Definitions
      At line 202 in file src\startup_ing920.s
   Uses
      None
Comment: START_LOAD unused
SVC_Handler 0000000E

Symbol: SVC_Handler
   Definitions
      At line 234 in file src\startup_ing920.s
   Uses
      At line 75 in file src\startup_ing920.s



ARM Macro Assembler    Page 7 Alphabetic symbol ordering
Relocatable symbols

      At line 235 in file src\startup_ing920.s

SysTick_Handler 00000014

Symbol: SysTick_Handler
   Definitions
      At line 247 in file src\startup_ing920.s
   Uses
      At line 79 in file src\startup_ing920.s
      At line 248 in file src\startup_ing920.s

TBCU_IRQHandler 00000016

Symbol: TBCU_IRQHandler
   Definitions
      At line 324 in file src\startup_ing920.s
   Uses
      At line 115 in file src\startup_ing920.s
      At line 151 in file src\startup_ing920.s
      At line 288 in file src\startup_ing920.s

TIMER0_IRQHandler 00000016

Symbol: TIMER0_IRQHandler
   Definitions
      At line 295 in file src\startup_ing920.s
   Uses
      At line 86 in file src\startup_ing920.s
      At line 122 in file src\startup_ing920.s
      At line 259 in file src\startup_ing920.s

TIMER1_IRQHandler 00000016

Symbol: TIMER1_IRQHandler
   Definitions
      At line 322 in file src\startup_ing920.s
   Uses
      At line 113 in file src\startup_ing920.s
      At line 149 in file src\startup_ing920.s
      At line 286 in file src\startup_ing920.s

TRNG_IRQHandler 00000016

Symbol: TRNG_IRQHandler
   Definitions
      At line 307 in file src\startup_ing920.s
   Uses
      At line 98 in file src\startup_ing920.s
      At line 134 in file src\startup_ing920.s
      At line 271 in file src\startup_ing920.s

UART0_IRQHandler 00000016

Symbol: UART0_IRQHandler
   Definitions
      At line 304 in file src\startup_ing920.s
   Uses
      At line 95 in file src\startup_ing920.s
      At line 131 in file src\startup_ing920.s



ARM Macro Assembler    Page 8 Alphabetic symbol ordering
Relocatable symbols

      At line 268 in file src\startup_ing920.s

UART1_IRQHandler 00000016

Symbol: UART1_IRQHandler
   Definitions
      At line 303 in file src\startup_ing920.s
   Uses
      At line 94 in file src\startup_ing920.s
      At line 130 in file src\startup_ing920.s
      At line 267 in file src\startup_ing920.s

USB_IRQHandler 00000016

Symbol: USB_IRQHandler
   Definitions
      At line 311 in file src\startup_ing920.s
   Uses
      At line 102 in file src\startup_ing920.s
      At line 138 in file src\startup_ing920.s
      At line 275 in file src\startup_ing920.s

UsageFault_Handler 0000000C

Symbol: UsageFault_Handler
   Definitions
      At line 230 in file src\startup_ing920.s
   Uses
      At line 70 in file src\startup_ing920.s
      At line 231 in file src\startup_ing920.s

WDT_IRQHandler 00000016

Symbol: WDT_IRQHandler
   Definitions
      At line 296 in file src\startup_ing920.s
   Uses
      At line 87 in file src\startup_ing920.s
      At line 123 in file src\startup_ing920.s
      At line 260 in file src\startup_ing920.s

XOREADY_IRQHandler 00000016

Symbol: XOREADY_IRQHandler
   Definitions
      At line 312 in file src\startup_ing920.s
   Uses
      At line 103 in file src\startup_ing920.s
      At line 139 in file src\startup_ing920.s
      At line 276 in file src\startup_ing920.s

48 symbols



ARM Macro Assembler    Page 1 Alphabetic symbol ordering
Absolute symbols

Heap_Size 00000100

Symbol: Heap_Size
   Definitions
      At line 47 in file src\startup_ing920.s
   Uses
      At line 51 in file src\startup_ing920.s
Comment: Heap_Size used once
Stack_Size 00000400

Symbol: Stack_Size
   Definitions
      At line 36 in file src\startup_ing920.s
   Uses
      At line 39 in file src\startup_ing920.s
Comment: Stack_Size used once
VER_MAJOR 00000000

Symbol: VER_MAJOR
   Definitions
      At line 28 in file src\startup_ing920.s
   Uses
      At line 158 in file src\startup_ing920.s
Comment: VER_MAJOR used once
VER_MINOR 00000001

Symbol: VER_MINOR
   Definitions
      At line 29 in file src\startup_ing920.s
   Uses
      At line 158 in file src\startup_ing920.s
Comment: VER_MINOR used once
VER_PATCH 00000000

Symbol: VER_PATCH
   Definitions
      At line 30 in file src\startup_ing920.s
   Uses
      At line 158 in file src\startup_ing920.s
Comment: VER_PATCH used once
__Vectors_Size 000000CC

Symbol: __Vectors_Size
   Definitions
      At line 156 in file src\startup_ing920.s
   Uses
      None
Comment: __Vectors_Size unused
6 symbols



ARM Macro Assembler    Page 1 Alphabetic symbol ordering
External symbols

__main 00000000

Symbol: __main
   Definitions
      At line 169 in file src\startup_ing920.s
   Uses
      At line 202 in file src\startup_ing920.s
Comment: __main used once
1 symbol
406 symbols in table
